n_sources 10, replicate 10
PyTorch version 2.0.1+cu118
Use ***GPU***
31.7393798828125 GB
[(0, 100), (100, 200), (200, 300), (300, 400), (400, 500), (500, 600), (600, 700), (700, 800), (800, 900), (900, 1000)]
[(0, 50), (50, 100), (100, 150), (150, 200), (200, 250), (250, 300), (300, 350), (350, 400), (400, 450), (450, 500), (500, 550), (550, 600), (600, 650), (650, 700), (700, 750), (750, 800), (800, 850), (850, 900), (900, 950), (950, 1000), (1000, 1050), (1050, 1100), (1100, 1150), (1150, 1200), (1200, 1250), (1250, 1300), (1300, 1350), (1350, 1400), (1400, 1450), (1450, 1500), (1500, 1550), (1550, 1600), (1600, 1650), (1650, 1700), (1700, 1750), (1750, 1800), (1800, 1850), (1850, 1900), (1900, 1950), (1950, 2000), (2000, 2050), (2050, 2100), (2100, 2150), (2150, 2200), (2200, 2250), (2250, 2300), (2300, 2350), (2350, 2400), (2400, 2450), (2450, 2500)]
======================================================================================
# Source 10, Replicate: 10
======================================================================================
*** P(Z|X,Y,W)
Source 0, Iter 100/100 - Loss: 416.409
Source 1, Iter 100/100 - Loss: 415.592
Source 2, Iter 100/100 - Loss: 389.317
Source 3, Iter 100/100 - Loss: 309.192
Source 4, Iter 100/100 - Loss: 419.671
Source 5, Iter 100/100 - Loss: 370.340
Source 6, Iter 100/100 - Loss: 407.592
Source 7, Iter 100/100 - Loss: 361.147
Source 8, Iter 100/100 - Loss: 397.312
Source 9, Iter 100/100 - Loss: 370.378
*** P(Y|X,Z,W), P(Zr~|X,Zr)
Source 0, Iter 100/100 - Loss: 1157.229
Source 1, Iter 100/100 - Loss: 831.243
Source 2, Iter 100/100 - Loss: 936.872
Source 3, Iter 100/100 - Loss: 1006.776
Source 4, Iter 100/100 - Loss: 1129.498
Source 5, Iter 100/100 - Loss: 1215.491
Source 6, Iter 100/100 - Loss: 1080.769
Source 7, Iter 100/100 - Loss: 865.289
Source 8, Iter 100/100 - Loss: 883.021
Source 9, Iter 100/100 - Loss: 878.112
