n_sources 10, replicate 6
PyTorch version 2.0.1+cu118
Use ***GPU***
31.7393798828125 GB
[(0, 100), (100, 200), (200, 300), (300, 400), (400, 500), (500, 600), (600, 700), (700, 800), (800, 900), (900, 1000)]
[(0, 50), (50, 100), (100, 150), (150, 200), (200, 250), (250, 300), (300, 350), (350, 400), (400, 450), (450, 500), (500, 550), (550, 600), (600, 650), (650, 700), (700, 750), (750, 800), (800, 850), (850, 900), (900, 950), (950, 1000), (1000, 1050), (1050, 1100), (1100, 1150), (1150, 1200), (1200, 1250), (1250, 1300), (1300, 1350), (1350, 1400), (1400, 1450), (1450, 1500), (1500, 1550), (1550, 1600), (1600, 1650), (1650, 1700), (1700, 1750), (1750, 1800), (1800, 1850), (1850, 1900), (1900, 1950), (1950, 2000), (2000, 2050), (2050, 2100), (2100, 2150), (2150, 2200), (2200, 2250), (2250, 2300), (2300, 2350), (2350, 2400), (2400, 2450), (2450, 2500)]
======================================================================================
# Source 10, Replicate: 6
======================================================================================
*** P(Z|X,Y,W)
Source 0, Iter 100/100 - Loss: 307.972
Source 1, Iter 100/100 - Loss: 344.815
Source 2, Iter 100/100 - Loss: 368.810
Source 3, Iter 100/100 - Loss: 294.496
Source 4, Iter 100/100 - Loss: 307.341
Source 5, Iter 100/100 - Loss: 304.272
Source 6, Iter 100/100 - Loss: 376.711
Source 7, Iter 100/100 - Loss: 332.186
Source 8, Iter 100/100 - Loss: 289.344
Source 9, Iter 100/100 - Loss: 316.732
*** P(Y|X,Z,W), P(Zr~|X,Zr)
Source 0, Iter 100/100 - Loss: 1171.201
Source 1, Iter 100/100 - Loss: 796.603
Source 2, Iter 100/100 - Loss: 992.815
Source 3, Iter 100/100 - Loss: 1134.765
Source 4, Iter 100/100 - Loss: 1211.617
Source 5, Iter 100/100 - Loss: 1286.862
Source 6, Iter 100/100 - Loss: 1312.791
Source 7, Iter 100/100 - Loss: 918.361
Source 8, Iter 100/100 - Loss: 929.873
Source 9, Iter 100/100 - Loss: 976.976
