n_sources 10, replicate 1
PyTorch version 2.0.1+cu118
Use ***GPU***
31.7393798828125 GB
[(0, 100), (100, 200), (200, 300), (300, 400), (400, 500), (500, 600), (600, 700), (700, 800), (800, 900), (900, 1000)]
[(0, 50), (50, 100), (100, 150), (150, 200), (200, 250), (250, 300), (300, 350), (350, 400), (400, 450), (450, 500), (500, 550), (550, 600), (600, 650), (650, 700), (700, 750), (750, 800), (800, 850), (850, 900), (900, 950), (950, 1000), (1000, 1050), (1050, 1100), (1100, 1150), (1150, 1200), (1200, 1250), (1250, 1300), (1300, 1350), (1350, 1400), (1400, 1450), (1450, 1500), (1500, 1550), (1550, 1600), (1600, 1650), (1650, 1700), (1700, 1750), (1750, 1800), (1800, 1850), (1850, 1900), (1900, 1950), (1950, 2000), (2000, 2050), (2050, 2100), (2100, 2150), (2150, 2200), (2200, 2250), (2250, 2300), (2300, 2350), (2350, 2400), (2400, 2450), (2450, 2500)]
======================================================================================
# Source 10, Replicate: 1
======================================================================================
*** P(Z|X,Y,W)
Source 0, Iter 100/100 - Loss: 584.129
Source 1, Iter 100/100 - Loss: 678.820
Source 2, Iter 100/100 - Loss: 631.432
Source 3, Iter 100/100 - Loss: 679.527
Source 4, Iter 100/100 - Loss: 621.962
Source 5, Iter 100/100 - Loss: 642.758
Source 6, Iter 100/100 - Loss: 583.389
Source 7, Iter 100/100 - Loss: 583.152
Source 8, Iter 100/100 - Loss: 599.022
Source 9, Iter 100/100 - Loss: 660.175
*** P(Y|X,Z,W), P(Zr~|X,Zr)
Source 0, Iter 100/100 - Loss: 946.056
Source 1, Iter 100/100 - Loss: 687.583
Source 2, Iter 100/100 - Loss: 839.628
Source 3, Iter 100/100 - Loss: 854.960
Source 4, Iter 100/100 - Loss: 1083.268
Source 5, Iter 100/100 - Loss: 909.895
Source 6, Iter 100/100 - Loss: 902.333
Source 7, Iter 100/100 - Loss: 819.940
Source 8, Iter 100/100 - Loss: 754.677
Source 9, Iter 100/100 - Loss: 910.343
