n_sources 10, replicate 8
PyTorch version 2.0.1+cu118
Use ***GPU***
31.7393798828125 GB
[(0, 100), (100, 200), (200, 300), (300, 400), (400, 500), (500, 600), (600, 700), (700, 800), (800, 900), (900, 1000)]
[(0, 50), (50, 100), (100, 150), (150, 200), (200, 250), (250, 300), (300, 350), (350, 400), (400, 450), (450, 500), (500, 550), (550, 600), (600, 650), (650, 700), (700, 750), (750, 800), (800, 850), (850, 900), (900, 950), (950, 1000), (1000, 1050), (1050, 1100), (1100, 1150), (1150, 1200), (1200, 1250), (1250, 1300), (1300, 1350), (1350, 1400), (1400, 1450), (1450, 1500), (1500, 1550), (1550, 1600), (1600, 1650), (1650, 1700), (1700, 1750), (1750, 1800), (1800, 1850), (1850, 1900), (1900, 1950), (1950, 2000), (2000, 2050), (2050, 2100), (2100, 2150), (2150, 2200), (2200, 2250), (2250, 2300), (2300, 2350), (2350, 2400), (2400, 2450), (2450, 2500)]
======================================================================================
# Source 10, Replicate: 8
======================================================================================
*** P(Z|X,Y,W)
Source 0, Iter 100/100 - Loss: 602.511
Source 1, Iter 100/100 - Loss: 677.860
Source 2, Iter 100/100 - Loss: 603.948
Source 3, Iter 100/100 - Loss: 578.837
Source 4, Iter 100/100 - Loss: 616.808
Source 5, Iter 100/100 - Loss: 586.407
Source 6, Iter 100/100 - Loss: 596.732
Source 7, Iter 100/100 - Loss: 533.986
Source 8, Iter 100/100 - Loss: 537.701
Source 9, Iter 100/100 - Loss: 587.312
*** P(Y|X,Z,W), P(Zr~|X,Zr)
Source 0, Iter 100/100 - Loss: 877.574
Source 1, Iter 100/100 - Loss: 728.558
Source 2, Iter 100/100 - Loss: 797.456
Source 3, Iter 100/100 - Loss: 955.843
Source 4, Iter 100/100 - Loss: 839.733
Source 5, Iter 100/100 - Loss: 909.977
Source 6, Iter 100/100 - Loss: 777.627
Source 7, Iter 100/100 - Loss: 876.511
Source 8, Iter 100/100 - Loss: 937.541
Source 9, Iter 100/100 - Loss: 732.658
